0 verbose cli /opt/homebrew/Cellar/node/25.2.1/bin/node /opt/homebrew/lib/node_modules/npm/bin/npm-cli.js
1 info using npm@11.6.2
2 info using node@v25.2.1
3 silly config load:file:/opt/homebrew/lib/node_modules/npm/npmrc
4 silly config load:file:/Users/adityashrivastava/Desktop/ERP/.npmrc
5 silly config load:file:/Users/adityashrivastava/.npmrc
6 silly config load:file:/opt/homebrew/etc/npmrc
7 verbose title npm exec create-next-app@latest /Users/adityashrivastava/Desktop/ERP --typescript --tailwind --eslint --app --no-src-dir --import-alias @/*
8 verbose argv "exec" "--yes" "--" "create-next-app@latest" "/Users/adityashrivastava/Desktop/ERP" "--typescript" "--tailwind" "--eslint" "--app" "--no-src-dir" "--import-alias" "@/*"
9 verbose logfile logs-max:10 dir:/Users/adityashrivastava/Desktop/ERP/.npm-cache/_logs/2026-04-04T15_30_08_565Z-
10 verbose logfile /Users/adityashrivastava/Desktop/ERP/.npm-cache/_logs/2026-04-04T15_30_08_565Z-debug-0.log
11 silly logfile done cleaning log files
12 silly packumentCache heap:4496293888 maxSize:1124073472 maxEntrySize:562036736
13 http fetch GET 200 https://registry.npmjs.org/create-next-app 1351ms (cache miss)
14 silly packumentCache heap:4496293888 maxSize:1124073472 maxEntrySize:562036736
15 http fetch GET 200 https://registry.npmjs.org/npm 1895ms
16 silly packumentCache heap:4496293888 maxSize:1124073472 maxEntrySize:562036736
17 silly idealTree buildDeps
18 silly fetch manifest create-next-app@16.2.2
19 silly packumentCache full:https://registry.npmjs.org/create-next-app cache-miss
20 http fetch GET 200 https://registry.npmjs.org/create-next-app 545ms (cache miss)
21 silly packumentCache full:https://registry.npmjs.org/create-next-app set size:undefined disposed:false
22 silly placeDep ROOT create-next-app@16.2.2 OK for:  want: 16.2.2
23 silly reify moves {}
24 silly audit bulk request { 'create-next-app': [ '16.2.2' ] }
25 http cache create-next-app@https://registry.npmjs.org/create-next-app/-/create-next-app-16.2.2.tgz 0ms (cache hit)
26 silly tarball no local data for create-next-app@https://registry.npmjs.org/create-next-app/-/create-next-app-16.2.2.tgz. Extracting by manifest.
27 http fetch GET 200 https://registry.npmjs.org/create-next-app/-/create-next-app-16.2.2.tgz 291ms (cache miss)
28 http fetch POST 200 https://registry.npmjs.org/-/npm/v1/security/advisories/bulk 371ms
29 silly audit report {}
30 verbose cwd /Users/adityashrivastava/Desktop/ERP
31 verbose os Darwin 25.3.0
32 verbose node v25.2.1
33 verbose npm  v11.6.2
34 notice
34 notice New [33mminor[39m version of npm available! [33m11.6.2[39m -> [34m11.12.1[39m
34 notice Changelog: [34mhttps://github.com/npm/cli/releases/tag/v11.12.1[39m
34 notice To update run: [4mnpm install -g npm@11.12.1[24m
34 notice  { force: true, Symbol(proc-log.meta): true }
35 verbose exit 0
36 info ok
